2022-12-08T15:28:37.328+05:30  INFO 13196 --- [main] .c.p.PaymentManagementServiceApplication : Starting PaymentManagementServiceApplication using Java 19.0.1 with PID 13196 (D:\Chiran\Shopping cart application\payment-management-service\target\classes started by Chiran_105626 in D:\Chiran\Shopping cart application\discovery-management-service)
2022-12-08T15:28:37.331+05:30  INFO 13196 --- [main] .c.p.PaymentManagementServiceApplication : No active profile set, falling back to 1 default profile: "default"
2022-12-08T15:28:37.380+05:30  INFO 13196 --- [main] o.s.c.c.c.ConfigServerConfigDataLoader   : Fetching config from server at : http://localhost:9296
2022-12-08T15:28:37.380+05:30  INFO 13196 --- [main] o.s.c.c.c.ConfigServerConfigDataLoader   : Located environment: name=payment-management-service, profiles=[default], label=null, version=a1b4054147ddae743c83908381f58def9ce86036, state=null
2022-12-08T15:28:39.140+05:30  INFO 13196 --- [main] .s.d.r.c.RepositoryConfigurationDelegate : Bootstrapping Spring Data JPA repositories in DEFAULT mode.
2022-12-08T15:28:39.472+05:30  INFO 13196 --- [main] .s.d.r.c.RepositoryConfigurationDelegate : Finished Spring Data repository scanning in 307 ms. Found 1 JPA repository interfaces.
2022-12-08T15:28:40.032+05:30  INFO 13196 --- [main] o.s.cloud.context.scope.GenericScope     : BeanFactory id=8d4813e3-89f9-3445-a581-7369bf966e1c
2022-12-08T15:28:41.142+05:30  INFO 13196 --- [main] o.s.b.w.embedded.tomcat.TomcatWebServer  : Tomcat initialized with port(s): 8081 (http)
2022-12-08T15:28:41.159+05:30  INFO 13196 --- [main] o.apache.catalina.core.StandardService   : Starting service [Tomcat]
2022-12-08T15:28:41.161+05:30  INFO 13196 --- [main] o.apache.catalina.core.StandardEngine    : Starting Servlet engine: [Apache Tomcat/10.1.1]
2022-12-08T15:28:41.469+05:30  INFO 13196 --- [main] o.a.c.c.C.[Tomcat].[localhost].[/]       : Initializing Spring embedded WebApplicationContext
2022-12-08T15:28:41.469+05:30  INFO 13196 --- [main] w.s.c.ServletWebServerApplicationContext : Root WebApplicationContext: initialization completed in 4085 ms
2022-12-08T15:28:42.953+05:30  INFO 13196 --- [main] o.hibernate.jpa.internal.util.LogHelper  : HHH000204: Processing PersistenceUnitInfo [name: default]
2022-12-08T15:28:43.069+05:30  INFO 13196 --- [main] org.hibernate.Version                    : HHH000412: Hibernate ORM core version 6.1.5.Final
2022-12-08T15:28:43.441+05:30  WARN 13196 --- [main] org.hibernate.orm.deprecation            : HHH90000021: Encountered deprecated setting [javax.persistence.sharedCache.mode], use [jakarta.persistence.sharedCache.mode] instead
2022-12-08T15:28:43.708+05:30  INFO 13196 --- [main] com.zaxxer.hikari.HikariDataSource       : HikariPool-1 - Starting...
2022-12-08T15:28:44.328+05:30  INFO 13196 --- [main] com.zaxxer.hikari.pool.HikariPool        : HikariPool-1 - Added connection com.mysql.cj.jdbc.ConnectionImpl@1317ac2c
2022-12-08T15:28:44.334+05:30  INFO 13196 --- [main] com.zaxxer.hikari.HikariDataSource       : HikariPool-1 - Start completed.
2022-12-08T15:28:44.457+05:30  INFO 13196 --- [main] SQL dialect                              : HHH000400: Using dialect: org.hibernate.dialect.MySQLDialect
2022-12-08T15:28:45.878+05:30  INFO 13196 --- [main] o.h.e.t.j.p.i.JtaPlatformInitiator       : HHH000490: Using JtaPlatform implementation: [org.hibernate.engine.transaction.jta.platform.internal.NoJtaPlatform]
2022-12-08T15:28:45.894+05:30  INFO 13196 --- [main] j.LocalContainerEntityManagerFactoryBean : Initialized JPA EntityManagerFactory for persistence unit 'default'
2022-12-08T15:28:45.976+05:30  WARN 13196 --- [main] JpaBaseConfiguration$JpaWebConfiguration : spring.jpa.open-in-view is enabled by default. Therefore, database queries may be performed during view rendering. Explicitly configure spring.jpa.open-in-view to disable this warning
2022-12-08T15:28:48.637+05:30  INFO 13196 --- [main] DiscoveryClientOptionalArgsConfiguration : Eureka HTTP Client uses RestTemplate.
2022-12-08T15:28:48.791+05:30  WARN 13196 --- [main] iguration$LoadBalancerCaffeineWarnLogger : Spring Cloud LoadBalancer is currently working with the default cache. While this cache implementation is useful for development and tests, it's recommended to use Caffeine cache in production.You can switch to using Caffeine cache, by adding it and org.springframework.cache.caffeine.CaffeineCacheManager to the classpath.
2022-12-08T15:28:48.870+05:30  INFO 13196 --- [main] o.s.b.a.e.web.EndpointLinksResolver      : Exposing 1 endpoint(s) beneath base path '/actuator'
2022-12-08T15:28:49.063+05:30  INFO 13196 --- [main] o.s.c.n.eureka.InstanceInfoFactory       : Setting initial instance status as: STARTING
2022-12-08T15:28:49.328+05:30  INFO 13196 --- [main] com.netflix.discovery.DiscoveryClient    : Initializing Eureka in region us-east-1
2022-12-08T15:28:49.348+05:30  INFO 13196 --- [main] c.n.d.s.r.aws.ConfigClusterResolver      : Resolving eureka endpoints via configuration
2022-12-08T15:28:49.397+05:30  INFO 13196 --- [main] com.netflix.discovery.DiscoveryClient    : Disable delta property : false
2022-12-08T15:28:49.397+05:30  INFO 13196 --- [main] com.netflix.discovery.DiscoveryClient    : Single vip registry refresh property : null
2022-12-08T15:28:49.397+05:30  INFO 13196 --- [main] com.netflix.discovery.DiscoveryClient    : Force full registry fetch : false
2022-12-08T15:28:49.397+05:30  INFO 13196 --- [main] com.netflix.discovery.DiscoveryClient    : Application is null : false
2022-12-08T15:28:49.397+05:30  INFO 13196 --- [main] com.netflix.discovery.DiscoveryClient    : Registered Applications size is zero : true
2022-12-08T15:28:49.397+05:30  INFO 13196 --- [main] com.netflix.discovery.DiscoveryClient    : Application version is -1: true
2022-12-08T15:28:49.398+05:30  INFO 13196 --- [main] com.netflix.discovery.DiscoveryClient    : Getting all instance registry info from the eureka server
2022-12-08T15:28:49.647+05:30  INFO 13196 --- [main] com.netflix.discovery.DiscoveryClient    : The response status is 200
2022-12-08T15:28:49.655+05:30  INFO 13196 --- [main] com.netflix.discovery.DiscoveryClient    : Starting heartbeat executor: renew interval is: 30
2022-12-08T15:28:49.659+05:30  INFO 13196 --- [main] c.n.discovery.InstanceInfoReplicator     : InstanceInfoReplicator onDemand update allowed rate per min is 4
2022-12-08T15:28:49.668+05:30  INFO 13196 --- [main] com.netflix.discovery.DiscoveryClient    : Discovery Client initialized at timestamp 1670493529667 with initial instances count: 3
2022-12-08T15:28:49.673+05:30  INFO 13196 --- [main] o.s.c.n.e.s.EurekaServiceRegistry        : Registering application PAYMENT-MANAGEMENT-SERVICE with eureka with status UP
2022-12-08T15:28:49.675+05:30  INFO 13196 --- [main] com.netflix.discovery.DiscoveryClient    : Saw local status change event StatusChangeEvent [timestamp=1670493529675, current=UP, previous=STARTING]
2022-12-08T15:28:49.678+05:30  INFO 13196 --- [DiscoveryClient-InstanceInfoReplicator-0] com.netflix.discovery.DiscoveryClient    : DiscoveryClient_PAYMENT-MANAGEMENT-SERVICE/host.docker.internal:payment-management-service:8081: registering service...
2022-12-08T15:28:49.740+05:30  INFO 13196 --- [main] o.s.b.w.embedded.tomcat.TomcatWebServer  : Tomcat started on port(s): 8081 (http) with context path ''
2022-12-08T15:28:49.742+05:30  INFO 13196 --- [main] .s.c.n.e.s.EurekaAutoServiceRegistration : Updating port to 8081
2022-12-08T15:28:49.753+05:30  INFO 13196 --- [DiscoveryClient-InstanceInfoReplicator-0] com.netflix.discovery.DiscoveryClient    : DiscoveryClient_PAYMENT-MANAGEMENT-SERVICE/host.docker.internal:payment-management-service:8081 - registration status: 204
2022-12-08T15:28:50.098+05:30  INFO 13196 --- [main] .c.p.PaymentManagementServiceApplication : Started PaymentManagementServiceApplication in 14.721 seconds (process running for 15.246)
2022-12-08T15:29:16.559+05:30  INFO 13196 --- [SpringApplicationShutdownHook] o.s.c.n.e.s.EurekaServiceRegistry        : Unregistering application PAYMENT-MANAGEMENT-SERVICE with eureka with status DOWN
2022-12-08T15:29:16.559+05:30  INFO 13196 --- [SpringApplicationShutdownHook] com.netflix.discovery.DiscoveryClient    : Saw local status change event StatusChangeEvent [timestamp=1670493556559, current=DOWN, previous=UP]
2022-12-08T15:29:16.559+05:30  INFO 13196 --- [DiscoveryClient-InstanceInfoReplicator-0] com.netflix.discovery.DiscoveryClient    : DiscoveryClient_PAYMENT-MANAGEMENT-SERVICE/host.docker.internal:payment-management-service:8081: registering service...
2022-12-08T15:29:16.564+05:30  INFO 13196 --- [DiscoveryClient-InstanceInfoReplicator-0] com.netflix.discovery.DiscoveryClient    : DiscoveryClient_PAYMENT-MANAGEMENT-SERVICE/host.docker.internal:payment-management-service:8081 - registration status: 204
2022-12-08T15:29:16.579+05:30  INFO 13196 --- [SpringApplicationShutdownHook] j.LocalContainerEntityManagerFactoryBean : Closing JPA EntityManagerFactory for persistence unit 'default'
2022-12-08T15:29:16.580+05:30  INFO 13196 --- [SpringApplicationShutdownHook] com.zaxxer.hikari.HikariDataSource       : HikariPool-1 - Shutdown initiated...
2022-12-08T15:29:16.588+05:30  INFO 13196 --- [SpringApplicationShutdownHook] com.zaxxer.hikari.HikariDataSource       : HikariPool-1 - Shutdown completed.
2022-12-08T15:29:17.596+05:30  INFO 13196 --- [SpringApplicationShutdownHook] com.netflix.discovery.DiscoveryClient    : Shutting down DiscoveryClient ...
2022-12-08T15:29:20.602+05:30  WARN 13196 --- [DiscoveryClient-0] c.netflix.discovery.TimedSupervisorTask  : task supervisor shutting down, can't accept the task
2022-12-08T15:29:20.603+05:30  INFO 13196 --- [SpringApplicationShutdownHook] com.netflix.discovery.DiscoveryClient    : Unregistering ...
2022-12-08T15:29:20.608+05:30  INFO 13196 --- [SpringApplicationShutdownHook] com.netflix.discovery.DiscoveryClient    : DiscoveryClient_PAYMENT-MANAGEMENT-SERVICE/host.docker.internal:payment-management-service:8081 - deregister  status: 200
2022-12-08T15:29:20.613+05:30  INFO 13196 --- [SpringApplicationShutdownHook] com.netflix.discovery.DiscoveryClient    : Completed shut down of DiscoveryClient
