2022-12-08T15:28:42.646+05:30  INFO [product-management-service,,] 7884 --- [main] .c.p.ProductManagementServiceApplication : Starting ProductManagementServiceApplication using Java 19.0.1 with PID 7884 (D:\Chiran\Shopping cart application\product-management-service\target\classes started by Chiran_105626 in D:\Chiran\Shopping cart application\discovery-management-service)
2022-12-08T15:28:42.659+05:30  INFO [product-management-service,,] 7884 --- [main] .c.p.ProductManagementServiceApplication : No active profile set, falling back to 1 default profile: "default"
2022-12-08T15:28:42.811+05:30  INFO [product-management-service,,] 7884 --- [main] o.s.c.c.c.ConfigServerConfigDataLoader   : Fetching config from server at : http://localhost:9296
2022-12-08T15:28:42.813+05:30  INFO [product-management-service,,] 7884 --- [main] o.s.c.c.c.ConfigServerConfigDataLoader   : Located environment: name=product-management-service, profiles=[default], label=null, version=a1b4054147ddae743c83908381f58def9ce86036, state=null
2022-12-08T15:28:44.307+05:30  INFO [product-management-service,,] 7884 --- [main] .s.d.r.c.RepositoryConfigurationDelegate : Bootstrapping Spring Data JPA repositories in DEFAULT mode.
2022-12-08T15:28:44.659+05:30  INFO [product-management-service,,] 7884 --- [main] .s.d.r.c.RepositoryConfigurationDelegate : Finished Spring Data repository scanning in 334 ms. Found 1 JPA repository interfaces.
2022-12-08T15:28:45.187+05:30  INFO [product-management-service,,] 7884 --- [main] o.s.cloud.context.scope.GenericScope     : BeanFactory id=b49d7c71-07bf-389d-986d-65252b2485d7
2022-12-08T15:28:46.042+05:30  INFO [product-management-service,,] 7884 --- [main] o.s.b.w.embedded.tomcat.TomcatWebServer  : Tomcat initialized with port(s): 8080 (http)
2022-12-08T15:28:46.059+05:30  INFO [product-management-service,,] 7884 --- [main] o.apache.catalina.core.StandardService   : Starting service [Tomcat]
2022-12-08T15:28:46.060+05:30  INFO [product-management-service,,] 7884 --- [main] o.apache.catalina.core.StandardEngine    : Starting Servlet engine: [Apache Tomcat/10.1.1]
2022-12-08T15:28:46.369+05:30  INFO [product-management-service,,] 7884 --- [main] o.a.c.c.C.[Tomcat].[localhost].[/]       : Initializing Spring embedded WebApplicationContext
2022-12-08T15:28:46.370+05:30  INFO [product-management-service,,] 7884 --- [main] w.s.c.ServletWebServerApplicationContext : Root WebApplicationContext: initialization completed in 3552 ms
2022-12-08T15:28:46.760+05:30  INFO [product-management-service,,] 7884 --- [main] o.hibernate.jpa.internal.util.LogHelper  : HHH000204: Processing PersistenceUnitInfo [name: default]
2022-12-08T15:28:46.906+05:30  INFO [product-management-service,,] 7884 --- [main] org.hibernate.Version                    : HHH000412: Hibernate ORM core version 6.1.5.Final
2022-12-08T15:28:47.258+05:30  WARN [product-management-service,,] 7884 --- [main] org.hibernate.orm.deprecation            : HHH90000021: Encountered deprecated setting [javax.persistence.sharedCache.mode], use [jakarta.persistence.sharedCache.mode] instead
2022-12-08T15:28:47.694+05:30  INFO [product-management-service,,] 7884 --- [main] com.zaxxer.hikari.HikariDataSource       : HikariPool-1 - Starting...
2022-12-08T15:28:48.365+05:30  INFO [product-management-service,,] 7884 --- [main] com.zaxxer.hikari.pool.HikariPool        : HikariPool-1 - Added connection com.mysql.cj.jdbc.ConnectionImpl@72288480
2022-12-08T15:28:48.369+05:30  INFO [product-management-service,,] 7884 --- [main] com.zaxxer.hikari.HikariDataSource       : HikariPool-1 - Start completed.
2022-12-08T15:28:48.481+05:30  INFO [product-management-service,,] 7884 --- [main] SQL dialect                              : HHH000400: Using dialect: org.hibernate.dialect.MySQLDialect
2022-12-08T15:28:50.094+05:30  INFO [product-management-service,,] 7884 --- [main] o.h.e.t.j.p.i.JtaPlatformInitiator       : HHH000490: Using JtaPlatform implementation: [org.hibernate.engine.transaction.jta.platform.internal.NoJtaPlatform]
2022-12-08T15:28:50.106+05:30  INFO [product-management-service,,] 7884 --- [main] j.LocalContainerEntityManagerFactoryBean : Initialized JPA EntityManagerFactory for persistence unit 'default'
2022-12-08T15:28:50.594+05:30  WARN [product-management-service,,] 7884 --- [main] JpaBaseConfiguration$JpaWebConfiguration : spring.jpa.open-in-view is enabled by default. Therefore, database queries may be performed during view rendering. Explicitly configure spring.jpa.open-in-view to disable this warning
2022-12-08T15:28:51.551+05:30  INFO [product-management-service,,] 7884 --- [main] DiscoveryClientOptionalArgsConfiguration : Eureka HTTP Client uses RestTemplate.
2022-12-08T15:28:51.859+05:30  WARN [product-management-service,,] 7884 --- [main] iguration$LoadBalancerCaffeineWarnLogger : Spring Cloud LoadBalancer is currently working with the default cache. While this cache implementation is useful for development and tests, it's recommended to use Caffeine cache in production.You can switch to using Caffeine cache, by adding it and org.springframework.cache.caffeine.CaffeineCacheManager to the classpath.
2022-12-08T15:28:51.889+05:30  INFO [product-management-service,,] 7884 --- [main] o.s.c.n.eureka.InstanceInfoFactory       : Setting initial instance status as: STARTING
2022-12-08T15:28:52.078+05:30  INFO [product-management-service,,] 7884 --- [main] com.netflix.discovery.DiscoveryClient    : Initializing Eureka in region us-east-1
2022-12-08T15:28:52.095+05:30  INFO [product-management-service,,] 7884 --- [main] c.n.d.s.r.aws.ConfigClusterResolver      : Resolving eureka endpoints via configuration
2022-12-08T15:28:52.129+05:30  INFO [product-management-service,,] 7884 --- [main] com.netflix.discovery.DiscoveryClient    : Disable delta property : false
2022-12-08T15:28:52.130+05:30  INFO [product-management-service,,] 7884 --- [main] com.netflix.discovery.DiscoveryClient    : Single vip registry refresh property : null
2022-12-08T15:28:52.130+05:30  INFO [product-management-service,,] 7884 --- [main] com.netflix.discovery.DiscoveryClient    : Force full registry fetch : false
2022-12-08T15:28:52.130+05:30  INFO [product-management-service,,] 7884 --- [main] com.netflix.discovery.DiscoveryClient    : Application is null : false
2022-12-08T15:28:52.131+05:30  INFO [product-management-service,,] 7884 --- [main] com.netflix.discovery.DiscoveryClient    : Registered Applications size is zero : true
2022-12-08T15:28:52.131+05:30  INFO [product-management-service,,] 7884 --- [main] com.netflix.discovery.DiscoveryClient    : Application version is -1: true
2022-12-08T15:28:52.131+05:30  INFO [product-management-service,,] 7884 --- [main] com.netflix.discovery.DiscoveryClient    : Getting all instance registry info from the eureka server
2022-12-08T15:28:52.507+05:30  INFO [product-management-service,,] 7884 --- [main] com.netflix.discovery.DiscoveryClient    : The response status is 200
2022-12-08T15:28:52.513+05:30  INFO [product-management-service,,] 7884 --- [main] com.netflix.discovery.DiscoveryClient    : Starting heartbeat executor: renew interval is: 30
2022-12-08T15:28:52.520+05:30  INFO [product-management-service,,] 7884 --- [main] c.n.discovery.InstanceInfoReplicator     : InstanceInfoReplicator onDemand update allowed rate per min is 4
2022-12-08T15:28:52.533+05:30  INFO [product-management-service,,] 7884 --- [main] com.netflix.discovery.DiscoveryClient    : Discovery Client initialized at timestamp 1670493532530 with initial instances count: 3
2022-12-08T15:28:52.544+05:30  INFO [product-management-service,,] 7884 --- [main] o.s.c.n.e.s.EurekaServiceRegistry        : Registering application PRODUCT-MANAGEMENT-SERVICE with eureka with status UP
2022-12-08T15:28:52.545+05:30  INFO [product-management-service,,] 7884 --- [main] com.netflix.discovery.DiscoveryClient    : Saw local status change event StatusChangeEvent [timestamp=1670493532545, current=UP, previous=STARTING]
2022-12-08T15:28:52.547+05:30  INFO [product-management-service,,] 7884 --- [DiscoveryClient-InstanceInfoReplicator-0] com.netflix.discovery.DiscoveryClient    : DiscoveryClient_PRODUCT-MANAGEMENT-SERVICE/host.docker.internal:product-management-service:8080: registering service...
2022-12-08T15:28:52.600+05:30  INFO [product-management-service,,] 7884 --- [main] o.s.b.w.embedded.tomcat.TomcatWebServer  : Tomcat started on port(s): 8080 (http) with context path ''
2022-12-08T15:28:52.602+05:30  INFO [product-management-service,,] 7884 --- [main] .s.c.n.e.s.EurekaAutoServiceRegistration : Updating port to 8080
2022-12-08T15:28:52.616+05:30  INFO [product-management-service,,] 7884 --- [DiscoveryClient-InstanceInfoReplicator-0] com.netflix.discovery.DiscoveryClient    : DiscoveryClient_PRODUCT-MANAGEMENT-SERVICE/host.docker.internal:product-management-service:8080 - registration status: 204
2022-12-08T15:28:52.931+05:30  INFO [product-management-service,,] 7884 --- [main] .c.p.ProductManagementServiceApplication : Started ProductManagementServiceApplication in 14.32 seconds (process running for 15.426)
2022-12-08T15:33:52.141+05:30  INFO [product-management-service,,] 7884 --- [AsyncResolver-bootstrap-executor-0] c.n.d.s.r.aws.ConfigClusterResolver      : Resolving eureka endpoints via configuration
2022-12-08T15:34:08.262+05:30  INFO [product-management-service,,] 7884 --- [SpringApplicationShutdownHook] o.s.c.n.e.s.EurekaServiceRegistry        : Unregistering application PRODUCT-MANAGEMENT-SERVICE with eureka with status DOWN
2022-12-08T15:34:08.262+05:30  INFO [product-management-service,,] 7884 --- [SpringApplicationShutdownHook] com.netflix.discovery.DiscoveryClient    : Saw local status change event StatusChangeEvent [timestamp=1670493848262, current=DOWN, previous=UP]
2022-12-08T15:34:08.262+05:30  INFO [product-management-service,,] 7884 --- [DiscoveryClient-InstanceInfoReplicator-0] com.netflix.discovery.DiscoveryClient    : DiscoveryClient_PRODUCT-MANAGEMENT-SERVICE/host.docker.internal:product-management-service:8080: registering service...
2022-12-08T15:34:08.269+05:30  INFO [product-management-service,,] 7884 --- [DiscoveryClient-InstanceInfoReplicator-0] com.netflix.discovery.DiscoveryClient    : DiscoveryClient_PRODUCT-MANAGEMENT-SERVICE/host.docker.internal:product-management-service:8080 - registration status: 204
2022-12-08T15:34:08.288+05:30  INFO [product-management-service,,] 7884 --- [SpringApplicationShutdownHook] j.LocalContainerEntityManagerFactoryBean : Closing JPA EntityManagerFactory for persistence unit 'default'
2022-12-08T15:34:08.291+05:30  INFO [product-management-service,,] 7884 --- [SpringApplicationShutdownHook] com.zaxxer.hikari.HikariDataSource       : HikariPool-1 - Shutdown initiated...
2022-12-08T15:34:08.301+05:30  INFO [product-management-service,,] 7884 --- [SpringApplicationShutdownHook] com.zaxxer.hikari.HikariDataSource       : HikariPool-1 - Shutdown completed.
2022-12-08T15:34:08.302+05:30  INFO [product-management-service,,] 7884 --- [SpringApplicationShutdownHook] com.netflix.discovery.DiscoveryClient    : Shutting down DiscoveryClient ...
2022-12-08T15:34:11.309+05:30  INFO [product-management-service,,] 7884 --- [SpringApplicationShutdownHook] com.netflix.discovery.DiscoveryClient    : Unregistering ...
2022-12-08T15:34:11.314+05:30  INFO [product-management-service,,] 7884 --- [SpringApplicationShutdownHook] com.netflix.discovery.DiscoveryClient    : DiscoveryClient_PRODUCT-MANAGEMENT-SERVICE/host.docker.internal:product-management-service:8080 - deregister  status: 200
2022-12-08T15:34:11.319+05:30  INFO [product-management-service,,] 7884 --- [SpringApplicationShutdownHook] com.netflix.discovery.DiscoveryClient    : Completed shut down of DiscoveryClient
